2026-05-23 15:21:38,332 [INFO] === IMPORT VNINDEX — 730 NGÀY GẦN NHẤT ===
2026-05-23 15:21:38,333 [INFO] Bắt đầu crawl VNIndex 730 ngày gần nhất...
2026-05-23 15:21:38,333 [INFO]   Đang crawl trang 1/9...
2026-05-23 15:21:38,908 [WARNING] Cafef HTTP 404 trang 1
2026-05-23 15:21:38,912 [INFO]   Trang 1 trống — dừng.
2026-05-23 15:21:38,913 [ERROR] Không crawl được dữ liệu VNIndex từ Cafef!
2026-05-23 15:21:38,914 [ERROR] Không lấy được dữ liệu. Kiểm tra kết nối internet.
2026-05-23 15:21:48,366 [INFO] === IMPORT VNINDEX — 730 NGÀY GẦN NHẤT ===
2026-05-23 15:21:48,367 [INFO] Bắt đầu crawl VNIndex 730 ngày gần nhất...
2026-05-23 15:21:48,367 [INFO]   Đang crawl trang 1/9...
2026-05-23 15:21:48,914 [WARNING] Cafef HTTP 404 trang 1
2026-05-23 15:21:48,917 [INFO]   Trang 1 trống — dừng.
2026-05-23 15:21:48,918 [ERROR] Không crawl được dữ liệu VNIndex từ Cafef!
2026-05-23 15:21:48,918 [ERROR] Không lấy được dữ liệu. Kiểm tra kết nối internet.
2026-05-23 15:24:18,997 [INFO] === IMPORT VNINDEX — 730 NGÀY ===
2026-05-23 15:24:18,998 [INFO] Thử nguồn: vnstock...
2026-05-23 15:24:26,283 [INFO] Not a stock. Company and finance data unavailable.
2026-05-23 15:24:28,992 [INFO] vnstock 3.x: 523 phiên
2026-05-23 15:24:28,993 [INFO] Thành công từ vnstock: 523 phiên (12/04/2024 → 22/05/2026)
2026-05-23 15:24:28,997 [INFO] 
Mẫu dữ liệu:
          Date     Open     High      Low    Close      Volume
520 2026-05-20  1907.10  1919.39  1859.22  1913.23  1197618071
521 2026-05-21  1920.44  1923.21  1886.62  1896.89   677251003
522 2026-05-22  1896.74  1896.74  1856.08  1877.13   854173859
2026-05-23 15:24:29,246 [INFO] DB đã có 0 phiên VNINDEX
2026-05-23 15:24:29,300 [INFO]   Đã insert 50 phiên...
2026-05-23 15:24:29,322 [INFO]   Đã insert 100 phiên...
2026-05-23 15:24:29,342 [INFO]   Đã insert 150 phiên...
2026-05-23 15:24:29,361 [INFO]   Đã insert 200 phiên...
2026-05-23 15:24:29,379 [INFO]   Đã insert 250 phiên...
2026-05-23 15:24:29,396 [INFO]   Đã insert 300 phiên...
2026-05-23 15:24:29,415 [INFO]   Đã insert 350 phiên...
2026-05-23 15:24:29,433 [INFO]   Đã insert 400 phiên...
2026-05-23 15:24:29,450 [INFO]   Đã insert 450 phiên...
2026-05-23 15:24:29,468 [INFO]   Đã insert 500 phiên...
2026-05-23 15:24:29,477 [INFO] 
Kết quả: inserted=523 skipped=0 errors=0
2026-05-23 15:25:56,635 [INFO] Adding job tentatively -- it will be properly scheduled when the scheduler starts
2026-05-23 15:25:56,635 [INFO] Lập lịch 16:30 T2-T6
2026-05-23 15:25:56,637 [INFO] Added job "schedule_daily_update.<locals>.job" to job store "default"
2026-05-23 15:25:56,637 [INFO] Scheduler started
